Started GET "/" for 127.0.0.1 at 2012-03-10 14:28:14 +0100
Processing by HomeController#index as HTML
  Rendered text template within layouts/application (0.0ms)
  Rendered layouts/_assets.html.erb (2.0ms)
  Rendered layouts/_top.html.erb (2.6ms)
  Rendered layouts/_about.html.erb (0.3ms)
  Rendered layouts/_google_analytics.html.erb (0.4ms)
Completed 200 OK in 79ms (Views: 78.8ms | ActiveRecord: 0.0ms)

Started GET "/users" for 127.0.0.1 at 2018-06-30 18:29:19 -0400
Processing by UsersController#index as HTML
  Rendering users/index.html.erb within layouts/application
  User Load (1.4ms)  SELECT "users".* FROM "users"
  ↳ app/views/users/index.html.erb:15
  Rendered users/index.html.erb within layouts/application (5.1ms)
Completed 200 OK in 525ms (Views: 512.4ms | ActiveRecord: 1.8ms)

Started GET "/" for 127.0.0.1 at 2012-03-10 14:28:14 +0100
Processing by HomeController#index as HTML
  Rendered text template within layouts/application (0.0ms)
  Rendered layouts/_assets.html.erb (2.0ms)
  Rendered layouts/_top.html.erb (2.6ms)
  Rendered layouts/_about.html.erb (0.3ms)
  Rendered layouts/_google_analytics.html.erb (0.4ms)
Completed 200 OK in 79ms (Views: 78.8ms | ActiveRecord: 0.0ms)

Started GET "/users" for 127.0.0.1 at 2018-06-30 18:29:19 -0400
Processing by UsersController#index as HTML
  Rendering users/index.html.erb within layouts/application
  User Load (1.4ms)  SELECT "users".* FROM "users"
  ↳ app/views/users/index.html.erb:15
  Rendered users/index.html.erb within layouts/application (5.1ms)
Completed 200 OK in 525ms (Views: 512.4ms | ActiveRecord: 1.8ms)

Started GET "/users/1" for 127.0.0.1 at 2018-06-30 19:05:35 -0400
Processing by UsersController#show as HTML
  Parameters: {"id"=>"3"}
  User Load (0.2ms)  SELECT  "users".* FROM "users" WHERE "users"."id" = ? LIMIT ?  [["id", 1], ["LIMIT", 1]]
  ↳ app/controllers/users_controller.rb:68
Showing user: #<User id: 1, name: "John Doe", email: "john@doe.com", created_at: "2018-06-30 23:05:35", updated_at: "2018-06-30 23:05:35">
  Rendering users/show.html.erb within layouts/application
  Rendered users/show.html.erb within layouts/application (0.7ms)
Completed 200 OK in 40ms (Views: 33.6ms | ActiveRecord: 0.2ms)